<?xml version="1.0" encoding="utf-8"?><testsuites name="pytest tests"><testsuite name="pytest" errors="0" failures="1" skipped="0" tests="11" time="10.363" timestamp="2026-09-02T08:25:13.153861+00:00" hostname="agent-env-5f6688a4-aa99-472d-9313-6a4576214cfc"><testcase classname="tests.test_datamgmt_fase56" name="test_overview_superadmin" time="0.711" /><testcase classname="tests.test_datamgmt_fase56" name="test_overview_forbidden_for_sales" time="0.676" /><testcase classname="tests.test_datamgmt_fase56" name="test_overview_no_auth" time="0.143" /><testcase classname="tests.test_datamgmt_fase56" name="test_template_sheets_and_header" time="0.199" /><testcase classname="tests.test_datamgmt_fase56" name="test_import_template_dry_run" time="0.420" /><testcase classname="tests.test_datamgmt_fase56" name="test_import_template_commit_then_skip" time="0.780" /><testcase classname="tests.test_datamgmt_fase56" name="test_import_invalid_reports_errors" time="0.140" /><testcase classname="tests.test_datamgmt_fase56" name="test_export_and_reimport_no_errors" time="3.186" /><testcase classname="tests.test_datamgmt_fase56" name="test_backup_download_meta" time="0.552" /><testcase classname="tests.test_datamgmt_fase56" name="test_snapshot_lifecycle_and_restore" time="1.254"><failure message="AssertionError: Internal Server Error&#10;assert 500 == 200&#10; +  where 500 = &lt;Response [500]&gt;.status_code">backend/tests/test_datamgmt_fase56.py:224: in test_snapshot_lifecycle_and_restore
    assert r.status_code == 200, r.text
E   AssertionError: Internal Server Error
E   assert 500 == 200
E    +  where 500 = &lt;Response [500]&gt;.status_code</failure></testcase><testcase classname="tests.test_datamgmt_fase56" name="test_restore_inspect_and_replace_upload" time="1.726" /></testsuite></testsuites>