<?xml version="1.0" encoding="utf-8"?><testsuites name="pytest tests"><testsuite name="pytest" errors="0" failures="1" skipped="0" tests="8" time="5.761" timestamp="2026-09-02T16:25:06.107959+00:00" hostname="agent-env-a625ad20-3a5a-4d10-88f5-54f0535f1f6a"><testcase classname="tests.test_p78_ui_api.TestKprSchemeMaster" name="test_reject_when_pct_not_100" time="3.699" /><testcase classname="tests.test_p78_ui_api.TestAllinMasters" name="test_cost_components_seeded" time="3.766" /><testcase classname="tests.test_p78_ui_api.TestKprSchemeMaster" name="test_create_without_is_active_stays_active" time="0.079"><failure message="AssertionError: is_active=None (harus True secara default)&#10;assert None is True">tests/test_p78_ui_api.py:84: in test_create_without_is_active_stays_active
    assert created["is_active"] is True, f"is_active={created['is_active']} (harus True secara default)"
E   AssertionError: is_active=None (harus True secara default)
E   assert None is True</failure></testcase><testcase classname="tests.test_p78_ui_api.TestAllinMasters" name="test_allin_scheme_preview_bphtb" time="0.408" /><testcase classname="tests.test_p78_ui_api.TestReserveCostsRbac" name="test_sales_cannot_type_free_costs" time="0.967" /><testcase classname="tests.test_p78_ui_api.TestCostReceiptJournal" name="test_cost_receipt_journal_and_trial_balance" time="0.446" /><testcase classname="tests.test_p78_ui_api.TestCostReceiptJournal" name="test_trial_balance_balanced" time="0.076" /><testcase classname="tests.test_p78_ui_api.TestReserveCostsRbac" name="test_scheme_snapshot_persisted_on_reserve" time="0.603" /></testsuite></testsuites>