<?xml version="1.0" encoding="utf-8"?><testsuites name="pytest tests"><testsuite name="pytest" errors="0" failures="0" skipped="0" tests="8" time="1.734" timestamp="2026-08-31T19:31:29.676636+00:00" hostname="agent-env-cc7f7a5a-71b4-455f-a22f-1a52fc2e66fb"><testcase classname="tests.test_p111_task_relations" name="test_create_task_with_customer_relation" time="0.694" /><testcase classname="tests.test_p111_task_relations" name="test_create_task_with_fake_customer_id_404" time="0.082" /><testcase classname="tests.test_p111_task_relations" name="test_create_task_jobdesk_with_lead_relation" time="0.176" /><testcase classname="tests.test_p111_task_relations" name="test_dropdown_source_endpoints[/leads?limit=5]" time="0.085" /><testcase classname="tests.test_p111_task_relations" name="test_dropdown_source_endpoints[/deals?limit=5]" time="0.098" /><testcase classname="tests.test_p111_task_relations" name="test_dropdown_source_endpoints[/units?limit=5]" time="0.089" /><testcase classname="tests.test_p111_task_relations" name="test_dropdown_source_endpoints[/customers?limit=5]" time="0.093" /><testcase classname="tests.test_p111_task_relations" name="test_dropdown_source_endpoints[/projects?limit=5]" time="0.084" /></testsuite></testsuites>