<?xml version="1.0" encoding="utf-8"?><testsuites name="pytest tests"><testsuite name="pytest" errors="0" failures="0" skipped="0" tests="14" time="12.371" timestamp="2026-08-31T20:14:39.555988+00:00" hostname="agent-env-f126fbef-61ff-4ddb-be71-17155267c5de"><testcase classname="tests.test_p112_combobox_rbac" name="test_related_sources_ok[/leads?limit=300&amp;sort=created_at&amp;direction=desc]" time="7.836" /><testcase classname="tests.test_p112_combobox_rbac" name="test_related_sources_ok[/deals?limit=200]" time="0.079" /><testcase classname="tests.test_p112_combobox_rbac" name="test_related_sources_ok[/units?limit=500]" time="0.088" /><testcase classname="tests.test_p112_combobox_rbac" name="test_related_sources_ok[/customers?limit=300]" time="0.089" /><testcase classname="tests.test_p112_combobox_rbac" name="test_related_sources_ok[/projects?limit=100]" time="0.095" /><testcase classname="tests.test_p112_combobox_rbac" name="test_create_task_with_relation[unit-/units?limit=1]" time="0.210" /><testcase classname="tests.test_p112_combobox_rbac" name="test_create_task_with_relation[customer-/customers?limit=1]" time="0.229" /><testcase classname="tests.test_p112_combobox_rbac" name="test_create_task_with_relation[project-/projects?limit=1]" time="0.233" /><testcase classname="tests.test_p112_combobox_rbac" name="test_create_task_without_relation" time="0.069" /><testcase classname="tests.test_p112_combobox_rbac" name="test_create_task_bad_relation_id_404" time="0.060" /><testcase classname="tests.test_p112_combobox_rbac" name="test_new_lead_appears_in_list" time="0.230" /><testcase classname="tests.test_p112_combobox_rbac" name="test_permissions_matrix_shape" time="0.133" /><testcase classname="tests.test_p112_combobox_rbac" name="test_revoke_and_restore_leads_for_sales" time="1.617" /><testcase classname="tests.test_p112_combobox_rbac" name="test_sales_cannot_manage_permissions" time="0.553" /></testsuite></testsuites>