<?xml version="1.0" encoding="utf-8"?><testsuites name="pytest tests"><testsuite name="pytest" errors="0" failures="0" skipped="0" tests="7" time="1.809" timestamp="2026-08-31T20:38:32.968697+00:00" hostname="agent-env-f126fbef-61ff-4ddb-be71-17155267c5de"><testcase classname="tests.test_p114_invoice_receipt_pdf.TestDocumentsRegression" name="test_contracts_list" time="0.789" /><testcase classname="tests.test_p114_invoice_receipt_pdf.TestDocumentsRegression" name="test_contract_detail" time="0.181" /><testcase classname="tests.test_p114_invoice_receipt_pdf.TestInvoicePdf" name="test_invoice_pdf_ok" time="0.971" /><testcase classname="tests.test_p114_invoice_receipt_pdf.TestInvoicePdf" name="test_invoice_pdf_unknown_deal_404" time="0.089" /><testcase classname="tests.test_p114_invoice_receipt_pdf.TestDocumentsRegression" name="test_ar_list_counts" time="0.090" /><testcase classname="tests.test_p114_invoice_receipt_pdf.TestReceiptPdf" name="test_create_receipt_and_pdf" time="0.272" /><testcase classname="tests.test_p114_invoice_receipt_pdf.TestReceiptPdf" name="test_receipt_pdf_fake_id_404" time="0.124" /></testsuite></testsuites>