<?xml version="1.0" encoding="utf-8"?><testsuites name="pytest tests"><testsuite name="pytest" errors="0" failures="0" skipped="0" tests="5" time="2.991" timestamp="2026-08-31T21:35:38.687369+00:00" hostname="agent-env-706379cb-294b-4286-872c-55b7d362523d"><testcase classname="tests.test_p115_permit_types_notif.TestPermitTypeReference" name="test_dynamic_custom_type_flow" time="1.131" /><testcase classname="tests.test_p115_permit_types_notif.TestNotificationsSummary" name="test_grouped_limit_summary" time="0.838" /><testcase classname="tests.test_p115_permit_types_notif.TestPermitCustomType" name="test_create_with_custom_type_and_delete" time="1.815" /><testcase classname="tests.test_p115_permit_types_notif.TestPermitTypeReference" name="test_reset_removes_custom" time="0.283" /><testcase classname="tests.test_p115_permit_types_notif.TestPermitTypeReference" name="test_sales_cannot_write_setting" time="0.519" /></testsuite></testsuites>