<?xml version="1.0" encoding="utf-8"?><testsuites name="pytest tests"><testsuite name="pytest" errors="0" failures="0" skipped="1" tests="12" time="4.563" timestamp="2026-09-02T06:24:34.047547+00:00" hostname="agent-env-683e6cc1-0b24-4809-8663-fcfc663e1f5d"><testcase classname="tests.test_p117_pricing_metrics.TestPricingMetrics" name="test_catalog_lists_prc" time="0.567" /><testcase classname="tests.test_p117_pricing_metrics.TestPricingMetrics" name="test_metric_endpoint_ok[PRC-01]" time="0.069" /><testcase classname="tests.test_p117_pricing_metrics.TestPricingMetrics" name="test_metric_endpoint_ok[PRC-02]" time="0.056" /><testcase classname="tests.test_p117_pricing_metrics.TestPricingMetrics" name="test_metric_endpoint_ok[PRC-03]" time="0.055" /><testcase classname="tests.test_p117_pricing_metrics.TestPricingMetrics" name="test_metric_endpoint_ok[PRC-04]" time="0.056" /><testcase classname="tests.test_p117_pricing_metrics.TestPricingMetrics" name="test_sales_funnel_includes_prc" time="0.080" /><testcase classname="tests.test_p117_pricing_metrics.TestPricingMetrics" name="test_executive_includes_prc01" time="0.092" /><testcase classname="tests.test_p117_pricing_metrics.TestPRCReactsToDeal" name="test_reserve_increases_prc01_prc04" time="1.602" /><testcase classname="tests.test_p117_pricing_metrics.TestPRCReactsToDeal" name="test_cancel_releases_and_prc04_decreases" time="1.167" /><testcase classname="tests.test_p117_pricing_metrics.TestMultiProjectRule" name="test_create_scheme_with_multi_apply" time="0.654" /><testcase classname="tests.test_p117_pricing_metrics.TestMultiProjectRule" name="test_options_filters_by_project_and_unit_type" time="0.055"><skipped type="pytest.skip" message="tidak ada unit yang cocok scope skema baru — data seed berbeda">/app/backend/tests/test_p117_pricing_metrics.py:237: tidak ada unit yang cocok scope skema baru — data seed berbeda</skipped></testcase><testcase classname="tests.test_p117_pricing_metrics.TestMultiProjectRule" name="test_cleanup" time="0.059" /></testsuite></testsuites>