<?xml version="1.0" encoding="utf-8"?><testsuites name="pytest tests"><testsuite name="pytest" errors="0" failures="0" skipped="0" tests="17" time="3.686" timestamp="2026-08-27T21:09:58.544659+00:00" hostname="agent-env-01bbab2b-570f-439e-bd75-62d12c7febd3"><testcase classname="tests.test_doc_p66.TestScript" name="test_get_script_has_placeholders" time="0.654" /><testcase classname="tests.test_doc_p66.TestScript" name="test_preview_renders_draft_script" time="0.085" /><testcase classname="tests.test_doc_p66.TestTableStyle" name="test_layout_has_table_defaults" time="0.809" /><testcase classname="tests.test_doc_p66.TestScript" name="test_unknown_placeholder_rejected" time="0.095" /><testcase classname="tests.test_doc_p66.TestTableStyle" name="test_save_table_style_and_restore" time="0.354" /><testcase classname="tests.test_doc_p66.TestScript" name="test_save_and_persist_then_restore" time="0.521" /><testcase classname="tests.test_doc_p66.TestTableStyle" name="test_preview_hides_column_names" time="0.177" /><testcase classname="tests.test_doc_p66.TestTableStyle" name="test_invalid_grid_rejected" time="0.071" /><testcase classname="tests.test_doc_p66.TestTableStyle" name="test_table_preview_report_kind" time="0.077" /><testcase classname="tests.test_doc_p66.TestNoRegression" name="test_documents_pdf" time="0.322" /><testcase classname="tests.test_doc_p66.TestScript" name="test_sales_cannot_save_script" time="0.656" /><testcase classname="tests.test_doc_p66.TestNoRegression" name="test_spk_pdf" time="0.236" /><testcase classname="tests.test_doc_p66.TestScript" name="test_sales_can_read_script" time="0.140" /><testcase classname="tests.test_doc_p66.TestNoRegression" name="test_po_pdf" time="0.160" /><testcase classname="tests.test_doc_p66.TestListTargets" name="test_list_layouts" time="0.077" /><testcase classname="tests.test_doc_p66.TestCustomDocType" name="test_create_custom_then_cleanup" time="1.084" /><testcase classname="tests.test_doc_p66.TestListTargets" name="test_unknown_code_404" time="0.096" /></testsuite></testsuites>