<?xml version="1.0" encoding="utf-8"?><testsuites name="pytest tests"><testsuite name="pytest" errors="0" failures="0" skipped="0" tests="7" time="3.066" timestamp="2026-08-28T14:03:34.205563+00:00" hostname="agent-env-f8dd81a6-f517-4488-8393-d38559aae916"><testcase classname="tests.test_p68.TestArrearsReminder" name="test_candidates_shape" time="1.681" /><testcase classname="tests.test_p68.TestLateFeeAuto" name="test_status_shape" time="1.801" /><testcase classname="tests.test_p68.TestArrearsReminder" name="test_min_amount_gates_candidates" time="0.586" /><testcase classname="tests.test_p68.TestLateFeeAuto" name="test_run_forbidden_for_sales" time="0.151" /><testcase classname="tests.test_p68.TestLateFeeAuto" name="test_run_finance_ok_and_idempotent" time="0.385" /><testcase classname="tests.test_p68.TestArrearsReminder" name="test_run_simulation_and_dedup" time="0.398" /><testcase classname="tests.test_p68.TestLateFeeAuto" name="test_status_shows_recent_run" time="0.167" /></testsuite></testsuites>