<?xml version="1.0" encoding="utf-8"?><testsuites name="pytest tests"><testsuite name="pytest" errors="0" failures="1" skipped="0" tests="27" time="4.336" timestamp="2026-09-02T06:08:17.025311+00:00" hostname="agent-env-683e6cc1-0b24-4809-8663-fcfc663e1f5d"><testcase classname="tests.test_p69_pricing.TestCRUDRBAC" name="test_sales_view_ok" time="0.876" /><testcase classname="tests.test_p69_pricing.TestCRUDRBAC" name="test_sales_create_forbidden" time="0.101" /><testcase classname="tests.test_p69_pricing.TestQuotationFlow" name="test_create_quotation_awaiting" time="1.469" /><testcase classname="tests.test_p69_pricing.TestCRUDRBAC" name="test_owner_create_discount" time="0.592" /><testcase classname="tests.test_p69_pricing.TestQuotationFlow" name="test_manager_approve" time="0.145" /><testcase classname="tests.test_p69_pricing.TestCRUDRBAC" name="test_percent_over_100_rejected" time="0.077" /><testcase classname="tests.test_p69_pricing.TestQuotationFlow" name="test_pdf" time="0.066" /><testcase classname="tests.test_p69_pricing.TestCRUDRBAC" name="test_update_discount" time="0.072" /><testcase classname="tests.test_p69_pricing.TestQuotationFlow" name="test_convert_redeems_coupon" time="0.394" /><testcase classname="tests.test_p69_pricing.TestCRUDRBAC" name="test_create_promo" time="0.075" /><testcase classname="tests.test_p69_pricing.TestCRUDRBAC" name="test_create_coupon_expired" time="0.077" /><testcase classname="tests.test_p69_pricing.TestCRUDRBAC" name="test_cleanup" time="0.247" /><testcase classname="tests.test_p69_pricing.TestQuotationFlow" name="test_cleanup_convert_deal" time="0.107" /><testcase classname="tests.test_p69_pricing.TestDealReserveCoupon" name="test_reserve_with_coupon" time="0.534" /><testcase classname="tests.test_p69_pricing.TestSeeded" name="test_discount_schemes_seeded" time="0.523" /><testcase classname="tests.test_p69_pricing.TestSeeded" name="test_promos_seeded" time="0.104" /><testcase classname="tests.test_p69_pricing.TestDealReserveCoupon" name="test_coupon_used_count_and_redemption_row" time="0.269" /><testcase classname="tests.test_p69_pricing.TestSeeded" name="test_coupons_seeded" time="0.067" /><testcase classname="tests.test_p69_pricing.TestDealReserveCoupon" name="test_per_customer_quota" time="0.066" /><testcase classname="tests.test_p69_pricing.TestCouponValidate" name="test_valid" time="0.250"><failure message="assert 400 == 200&#10; +  where 400 = &lt;Response [400]&gt;.status_code">backend/tests/test_p69_pricing.py:208: in test_valid
    assert r.status_code == 200
E   assert 400 == 200
E    +  where 400 = &lt;Response [400]&gt;.status_code</failure></testcase><testcase classname="tests.test_p69_pricing.TestDealReserveCoupon" name="test_cancel_releases_coupon" time="0.464" /><testcase classname="tests.test_p69_pricing.TestCouponValidate" name="test_unknown" time="0.070" /><testcase classname="tests.test_p69_pricing.TestCouponValidate" name="test_expired" time="0.374" /><testcase classname="tests.test_p69_pricing.TestSimulate" name="test_manual_discount_rejected" time="0.140" /><testcase classname="tests.test_p69_pricing.TestOptions" name="test_options_for_unit" time="0.068" /><testcase classname="tests.test_p69_pricing.TestReserveDiscMgr" name="test_disc_mgr_rejected" time="0.137" /><testcase classname="tests.test_p69_pricing.TestSimulate" name="test_simulate_stacked" time="0.352" /></testsuite></testsuites>