<?xml version="1.0" encoding="utf-8"?><testsuites name="pytest tests"><testsuite name="pytest" errors="0" failures="0" skipped="0" tests="8" time="8.373" timestamp="2026-09-02T06:52:36.754372+00:00" hostname="agent-env-683e6cc1-0b24-4809-8663-fcfc663e1f5d"><testcase classname="tests.test_p69b_booking_fee.TestBookingFeeFlow" name="test_01_reserve_creates_invoice" time="0.947" /><testcase classname="tests.test_p69b_booking_fee.TestBookingFeeFlow" name="test_02_partial_then_full_pay" time="0.848" /><testcase classname="tests.test_p69b_booking_fee.TestBookingFeeFlow" name="test_03_pdfs" time="0.378" /><testcase classname="tests.test_p69b_booking_fee.TestBookingFeeFlow" name="test_04_finance_listing_and_deposit" time="0.241" /><testcase classname="tests.test_p69b_booking_fee.TestBookingFeeFlow" name="test_05_rbac" time="0.908" /><testcase classname="tests.test_p69b_booking_fee.TestBookingGate" name="test_setting_gate_flow" time="2.326" /><testcase classname="tests.test_p69b_booking_fee.TestCancelClosesInvoice" name="test_cancel_unpaid_deal" time="1.759" /><testcase classname="tests.test_p69b_booking_fee" name="test_zz_cleanup" time="0.941" /></testsuite></testsuites>