<?xml version="1.0" encoding="utf-8"?><testsuites name="pytest tests"><testsuite name="pytest" errors="0" failures="0" skipped="0" tests="8" time="95.481" timestamp="2026-09-02T07:15:00.301323+00:00" hostname="agent-env-683e6cc1-0b24-4809-8663-fcfc663e1f5d"><testcase classname="tests.test_p69c_booking_fee_ext.TestSettings" name="test_settings_expose_booking_fee_keys" time="31.058" /><testcase classname="tests.test_p69c_booking_fee_ext.TestSettings" name="test_require_paid_default_true" time="0.175" /><testcase classname="tests.test_p69c_booking_fee_ext.TestGateAndDue" name="test_reserve_book_blocked_and_then_allowed" time="36.550" /><testcase classname="tests.test_p69c_booking_fee_ext.TestPortalProof" name="test_portal_login_and_proof" time="5.821" /><testcase classname="tests.test_p69c_booking_fee_ext.TestPortalProof" name="test_reject_flow" time="7.474" /><testcase classname="tests.test_p69c_booking_fee_ext.TestRefund" name="test_refund_partial_finalize" time="7.719" /><testcase classname="tests.test_p69c_booking_fee_ext.TestReminder" name="test_booking_fee_due_reminder" time="3.831" /><testcase classname="tests.test_p69c_booking_fee_ext" name="test_zz_cleanup" time="2.735" /></testsuite></testsuites>