<?xml version="1.0" encoding="utf-8"?><testsuites name="pytest tests"><testsuite name="pytest" errors="0" failures="1" skipped="0" tests="18" time="4.076" timestamp="2026-09-02T11:45:48.067307+00:00" hostname="agent-env-6163e292-10c5-4a3e-bb01-f3cf557eba06"><testcase classname="tests.test_p71_numbering" name="test_list_rules_has_registry_and_preview" time="0.965" /><testcase classname="tests.test_p71_numbering_ext" name="test_list_rules_shape" time="0.941" /><testcase classname="tests.test_p71_numbering_ext" name="test_tokens_catalog[spk]" time="0.064" /><testcase classname="tests.test_p71_numbering" name="test_preview_and_unknown_token" time="0.274" /><testcase classname="tests.test_p71_numbering_ext" name="test_tokens_catalog[master:unit]" time="0.061" /><testcase classname="tests.test_p71_numbering_ext" name="test_tokens_unknown_key_404" time="0.065" /><testcase classname="tests.test_p71_numbering_ext" name="test_preview_spk_pattern" time="0.063" /><testcase classname="tests.test_p71_numbering_ext" name="test_preview_unknown_token_400" time="0.061" /><testcase classname="tests.test_p71_numbering_ext" name="test_preview_does_not_bump_counter" time="0.676" /><testcase classname="tests.test_p71_numbering" name="test_sales_cannot_edit_but_can_view" time="0.573" /><testcase classname="tests.test_p71_numbering" name="test_save_rule_applies_to_new_spk" time="0.643" /><testcase classname="tests.test_p71_numbering_ext" name="test_sales_view_only" time="0.695" /><testcase classname="tests.test_p71_numbering" name="test_master_codes_generated_when_blank" time="0.240"><failure message="AssertionError: assert 'B' == 'A'&#10;  &#10;  - A&#10;  + B">tests/test_p71_numbering.py:108: in test_master_codes_generated_when_blank
    assert block["code"] == "A"
E   AssertionError: assert 'B' == 'A'
E     
E     - A
E     + B</failure></testcase><testcase classname="tests.test_p71_numbering" name="test_custom_master_pattern" time="0.651" /><testcase classname="tests.test_p71_numbering_ext" name="test_superadmin_can_edit" time="0.561" /><testcase classname="tests.test_p71_numbering_ext" name="test_put_invalid_pattern_rejected" time="0.158" /><testcase classname="tests.test_p71_numbering_ext" name="test_manual_codes_preserved" time="0.248" /><testcase classname="tests.test_p71_numbering_ext" name="test_reset_restores_default_pattern" time="0.123" /></testsuite></testsuites>