<?xml version="1.0" encoding="utf-8"?><testsuites name="pytest tests"><testsuite name="pytest" errors="0" failures="0" skipped="0" tests="5" time="2.251" timestamp="2026-09-02T12:24:02.597831+00:00" hostname="agent-env-6163e292-10c5-4a3e-bb01-f3cf557eba06"><testcase classname="tests.test_p72_ui_backend" name="test_numbering_list_with_project_context" time="1.007" /><testcase classname="tests.test_p72_ui_backend" name="test_spk_preview_contains_project_code" time="0.175" /><testcase classname="tests.test_p72_ui_backend" name="test_spk_preview_invalid_token_rejected" time="0.130" /><testcase classname="tests.test_p72_ui_backend" name="test_cluster_and_block_blank_codes" time="0.420" /><testcase classname="tests.test_p72_ui_backend" name="test_studio_payload_ready" time="0.132" /></testsuite></testsuites>