<?xml version="1.0" encoding="utf-8"?><testsuites name="pytest tests"><testsuite name="pytest" errors="0" failures="0" skipped="0" tests="10" time="4.273" timestamp="2026-09-02T12:22:23.146509+00:00" hostname="agent-env-6163e292-10c5-4a3e-bb01-f3cf557eba06"><testcase classname="tests.test_p71_numbering" name="test_list_rules_has_registry_and_preview" time="0.894" /><testcase classname="tests.test_p72_studio" name="test_svg_rich_parse_and_labels" time="0.933" /><testcase classname="tests.test_p71_numbering" name="test_preview_and_unknown_token" time="0.292" /><testcase classname="tests.test_p72_studio" name="test_suggest_and_create_units_two_options" time="0.621" /><testcase classname="tests.test_p72_studio" name="test_manual_shape_background_and_match" time="0.763" /><testcase classname="tests.test_p71_numbering" name="test_sales_cannot_edit_but_can_view" time="0.706" /><testcase classname="tests.test_p71_numbering" name="test_save_rule_applies_to_new_spk" time="0.589" /><testcase classname="tests.test_p72_studio" name="test_numbering_preview_per_project" time="0.432" /><testcase classname="tests.test_p71_numbering" name="test_master_codes_generated_when_blank" time="0.898" /><testcase classname="tests.test_p71_numbering" name="test_custom_master_pattern" time="0.515" /></testsuite></testsuites>