<?xml version="1.0" encoding="utf-8"?><testsuites name="pytest tests"><testsuite name="pytest" errors="0" failures="0" skipped="0" tests="6" time="3.332" timestamp="2026-09-02T13:03:05.442385+00:00" hostname="agent-env-6163e292-10c5-4a3e-bb01-f3cf557eba06"><testcase classname="tests.test_p73_studio_pdf" name="test_pdf_background_render_page" time="1.285" /><testcase classname="tests.test_p72_studio" name="test_svg_rich_parse_and_labels" time="1.140" /><testcase classname="tests.test_p72_studio" name="test_suggest_and_create_units_two_options" time="0.480" /><testcase classname="tests.test_p73_studio_pdf" name="test_vertex_edit_keeps_flags" time="0.522" /><testcase classname="tests.test_p72_studio" name="test_manual_shape_background_and_match" time="0.811" /><testcase classname="tests.test_p72_studio" name="test_numbering_preview_per_project" time="0.528" /></testsuite></testsuites>