<?xml version="1.0" encoding="utf-8"?><testsuites name="pytest tests"><testsuite name="pytest" errors="0" failures="0" skipped="0" tests="7" time="2.423" timestamp="2026-09-02T13:24:32.005938+00:00" hostname="agent-env-6163e292-10c5-4a3e-bb01-f3cf557eba06"><testcase classname="tests.test_p74_palette" name="test_palette_get_default_shape" time="0.578" /><testcase classname="tests.test_p74_palette" name="test_palette_put_validation_and_persistence" time="0.149" /><testcase classname="tests.test_p74_palette" name="test_studio_payload_has_palette_and_progress" time="0.077" /><testcase classname="tests.test_p74_palette" name="test_palette_reset_empty" time="0.286" /><testcase classname="tests.test_p74_palette" name="test_palette_missing_body_rejected" time="0.069" /><testcase classname="tests.test_p74_palette" name="test_sales_can_read_but_not_write_palette" time="0.642" /><testcase classname="tests.test_p74_palette" name="test_unauthenticated_palette_blocked" time="0.274" /></testsuite></testsuites>