<?xml version="1.0" encoding="utf-8"?><testsuites name="pytest tests"><testsuite name="pytest" errors="0" failures="1" skipped="0" tests="7" time="10.327" timestamp="2026-09-02T13:59:46.055128+00:00" hostname="agent-env-6163e292-10c5-4a3e-bb01-f3cf557eba06"><testcase classname="tests.test_p75_allin_kpr" name="test_addon_master_has_prices" time="3.716" /><testcase classname="tests.test_p75_allin_kpr" name="test_costs_saved_on_deal_and_price_includes_addon" time="0.297" /><testcase classname="tests.test_p75_allin_kpr" name="test_costs_flow_to_contract_breakdown_all_in" time="0.459" /><testcase classname="tests.test_p75_allin_kpr" name="test_kpr_disbursement_books_receipt_and_reduces_ar" time="1.585" /><testcase classname="tests.test_p75_extra" name="test_addon_per_m2_subtotal" time="1.325" /><testcase classname="tests.test_p75_extra" name="test_breakdown_pass_through" time="0.103" /><testcase classname="tests.test_p75_extra" name="test_kpr_stages_and_gl_journal" time="2.503"><failure message="AssertionError: jurnal GL untuk kuitansi KWT/2026/0020 (8fd124bd-3d68-4516-81ff-7d8418dce2c2) tidak ditemukan&#10;assert []">tests/test_p75_extra.py:125: in test_kpr_stages_and_gl_journal
    assert rows, f"jurnal GL untuk kuitansi {receipt_no} ({rid}) tidak ditemukan"
E   AssertionError: jurnal GL untuk kuitansi KWT/2026/0020 (8fd124bd-3d68-4516-81ff-7d8418dce2c2) tidak ditemukan
E   assert []</failure></testcase></testsuite></testsuites>