<?xml version="1.0" encoding="utf-8"?><testsuites name="pytest tests"><testsuite name="pytest" errors="0" failures="5" skipped="0" tests="9" time="3.482" timestamp="2026-09-02T17:09:47.015221+00:00" hostname="agent-env-a625ad20-3a5a-4d10-88f5-54f0535f1f6a"><testcase classname="tests.test_p79_ui_api" name="test_finance_persona_can_read_p79_endpoints[/allin-schemes]" time="0.609"><failure message="AssertionError: finance ditolak: 403 {&quot;detail&quot;:&quot;Akses ditolak: tidak memiliki izin 'view_own' pada 'deals'&quot;}&#10;assert 403 == 200&#10; +  where 403 = &lt;Response [403]&gt;.status_code">tests/test_p79_ui_api.py:56: in test_finance_persona_can_read_p79_endpoints
    assert r.status_code == 200, f"finance ditolak: {r.status_code} {r.text[:160]}"
E   AssertionError: finance ditolak: 403 {"detail":"Akses ditolak: tidak memiliki izin 'view_own' pada 'deals'"}
E   assert 403 == 200
E    +  where 403 = &lt;Response [403]&gt;.status_code</failure></testcase><testcase classname="tests.test_p79_ui_api" name="test_finance_persona_can_read_p79_endpoints[/kpr/tranche-reminders]" time="0.074"><failure message="AssertionError: finance ditolak: 403 {&quot;detail&quot;:&quot;Akses ditolak: tidak memiliki izin 'view_own' pada 'financing'&quot;}&#10;assert 403 == 200&#10; +  where 403 = &lt;Response [403]&gt;.status_code">tests/test_p79_ui_api.py:56: in test_finance_persona_can_read_p79_endpoints
    assert r.status_code == 200, f"finance ditolak: {r.status_code} {r.text[:160]}"
E   AssertionError: finance ditolak: 403 {"detail":"Akses ditolak: tidak memiliki izin 'view_own' pada 'financing'"}
E   assert 403 == 200
E    +  where 403 = &lt;Response [403]&gt;.status_code</failure></testcase><testcase classname="tests.test_p79_ui_api" name="test_finance_persona_can_read_p79_endpoints[/contracts/37b570a6-1d30-4635-8396-e211d890a532/allin-amendments]" time="0.094"><failure message="AssertionError: finance ditolak: 403 {&quot;detail&quot;:&quot;Akses ditolak: tidak memiliki izin 'view_own' pada 'contracts'&quot;}&#10;assert 403 == 200&#10; +  where 403 = &lt;Response [403]&gt;.status_code">tests/test_p79_ui_api.py:56: in test_finance_persona_can_read_p79_endpoints
    assert r.status_code == 200, f"finance ditolak: {r.status_code} {r.text[:160]}"
E   AssertionError: finance ditolak: 403 {"detail":"Akses ditolak: tidak memiliki izin 'view_own' pada 'contracts'"}
E   assert 403 == 200
E    +  where 403 = &lt;Response [403]&gt;.status_code</failure></testcase><testcase classname="tests.test_p79_ui_api" name="test_finance_persona_can_read_p79_endpoints[/contracts/37b570a6-1d30-4635-8396-e211d890a532/costs-ledger]" time="0.083"><failure message="AssertionError: finance ditolak: 403 {&quot;detail&quot;:&quot;Akses ditolak: tidak memiliki izin 'view_own' pada 'contracts'&quot;}&#10;assert 403 == 200&#10; +  where 403 = &lt;Response [403]&gt;.status_code">tests/test_p79_ui_api.py:56: in test_finance_persona_can_read_p79_endpoints
    assert r.status_code == 200, f"finance ditolak: {r.status_code} {r.text[:160]}"
E   AssertionError: finance ditolak: 403 {"detail":"Akses ditolak: tidak memiliki izin 'view_own' pada 'contracts'"}
E   assert 403 == 200
E    +  where 403 = &lt;Response [403]&gt;.status_code</failure></testcase><testcase classname="tests.test_p79_ui_api" name="test_finance_manager_can_read_tranche_reminders" time="0.470"><failure message="AssertionError: finance_manager ditolak: 403 {&quot;detail&quot;:&quot;Akses ditolak: tidak memiliki izin 'view_own' pada 'financing'&quot;}&#10;assert 403 == 200&#10; +  where 403 = &lt;Response [403]&gt;.status_code">tests/test_p79_ui_api.py:61: in test_finance_manager_can_read_tranche_reminders
    assert r.status_code == 200, f"finance_manager ditolak: {r.status_code} {r.text[:160]}"
E   AssertionError: finance_manager ditolak: 403 {"detail":"Akses ditolak: tidak memiliki izin 'view_own' pada 'financing'"}
E   assert 403 == 200
E    +  where 403 = &lt;Response [403]&gt;.status_code</failure></testcase><testcase classname="tests.test_p79_ui_api" name="test_amendment_decider_rules" time="1.040" /><testcase classname="tests.test_p79_ui_api" name="test_amendment_blocked_when_receipt_exists" time="0.178" /><testcase classname="tests.test_p79_ui_api" name="test_cost_invoice_and_receipt_pdf" time="0.264" /><testcase classname="tests.test_p79_ui_api" name="test_tranche_reminder_run_is_idempotent" time="0.194" /></testsuite></testsuites>