<?xml version="1.0" encoding="utf-8"?><testsuites name="pytest tests"><testsuite name="pytest" errors="0" failures="0" skipped="0" tests="14" time="6.198" timestamp="2026-09-03T13:52:16.022282+00:00" hostname="agent-env-de143ab7-6ec0-438d-811b-7544ac57a688"><testcase classname="tests.test_p82_cash_bank" name="test_master_has_sub_accounts_and_defaults" time="0.868" /><testcase classname="tests.test_p82_ext.TestRbac" name="test_sales_forbidden" time="1.031" /><testcase classname="tests.test_p82_cash_bank" name="test_create_account_posts_opening_balance" time="0.536" /><testcase classname="tests.test_p82_ext.TestRbac" name="test_finance_cannot_approve" time="1.534" /><testcase classname="tests.test_p82_cash_bank" name="test_transfer_sod_and_posting" time="1.469" /><testcase classname="tests.test_p82_ext.TestTransferValidation" name="test_rules" time="0.594" /><testcase classname="tests.test_p82_cash_bank" name="test_receipt_and_ap_payment_land_on_chosen_account" time="2.129" /><testcase classname="tests.test_p82_ext.TestTransferValidation" name="test_sod_self_approve" time="0.332" /><testcase classname="tests.test_p82_ext.TestPositionBook" name="test_position_shape" time="0.138" /><testcase classname="tests.test_p82_ext.TestPositionBook" name="test_book_csv_and_range" time="0.444" /><testcase classname="tests.test_p82_ext.TestApPayment" name="test_ap_pay_uses_chosen_account" time="0.482" /><testcase classname="tests.test_p82_ext.TestTrialBalance" name="test_headers_zero_and_opening_equity" time="0.468" /><testcase classname="tests.test_p82_ext.TestMaster" name="test_update_and_set_default" time="0.655" /><testcase classname="tests.test_p82_ext.TestMaster" name="test_seed_demo_rows_present" time="0.212" /></testsuite></testsuites>