<?xml version="1.0" encoding="utf-8"?><testsuites name="pytest tests"><testsuite name="pytest" errors="0" failures="1" skipped="0" tests="10" time="5.099" timestamp="2026-09-03T13:51:39.248456+00:00" hostname="agent-env-de143ab7-6ec0-438d-811b-7544ac57a688"><testcase classname="tests.test_p82_ext.TestRbac" name="test_sales_forbidden" time="1.475" /><testcase classname="tests.test_p82_ext.TestTransferValidation" name="test_rules" time="2.240" /><testcase classname="tests.test_p82_ext.TestRbac" name="test_finance_cannot_approve" time="1.385" /><testcase classname="tests.test_p82_ext.TestTransferValidation" name="test_sod_self_approve" time="0.562" /><testcase classname="tests.test_p82_ext.TestPositionBook" name="test_position_shape" time="0.269" /><testcase classname="tests.test_p82_ext.TestMaster" name="test_update_and_set_default" time="1.097" /><testcase classname="tests.test_p82_ext.TestPositionBook" name="test_book_csv_and_range" time="0.663" /><testcase classname="tests.test_p82_ext.TestApPayment" name="test_ap_pay_uses_chosen_account" time="0.362"><failure message="AssertionError: kredit di {'2-1200', '2-1100'}&#10;assert '1-1202' in {'2-1100', '2-1200'}">tests/test_p82_ext.py:197: in test_ap_pay_uses_chosen_account
    assert target["gl_account_code"] in credits, f"kredit di {credits}"
E   AssertionError: kredit di {'2-1200', '2-1100'}
E   assert '1-1202' in {'2-1100', '2-1200'}</failure></testcase><testcase classname="tests.test_p82_ext.TestMaster" name="test_seed_demo_rows_present" time="0.223" /><testcase classname="tests.test_p82_ext.TestTrialBalance" name="test_headers_zero_and_opening_equity" time="0.571" /></testsuite></testsuites>