<?xml version="1.0" encoding="utf-8"?><testsuites name="pytest tests"><testsuite name="pytest" errors="0" failures="2" skipped="0" tests="21" time="7.348" timestamp="2026-09-04T09:55:40.853170+00:00" hostname="agent-env-a7b33c98-32b8-403f-b33d-744655b10f0c"><testcase classname="tests.test_p88" name="test_lead_score_detail" time="3.704" /><testcase classname="tests.test_p88" name="test_lead_rescore" time="0.120" /><testcase classname="tests.test_p88" name="test_settings_keys_exist[lead.score.weights]" time="0.074" /><testcase classname="tests.test_p88" name="test_settings_keys_exist[lead.score.bands]" time="0.070" /><testcase classname="tests.test_p88" name="test_settings_keys_exist[handover.settlement_policy]" time="0.074" /><testcase classname="tests.test_p88" name="test_settings_keys_exist[handover.settlement_min_paid_pct]" time="0.072" /><testcase classname="tests.test_p88" name="test_settlement_policy_warning" time="1.006" /><testcase classname="tests.test_p88" name="test_promo_seed_targets[PROMO-DP-dp-None]" time="0.073" /><testcase classname="tests.test_p88" name="test_promo_seed_targets[PROMO-BF-booking_fee-None]" time="0.000" /><testcase classname="tests.test_p88" name="test_promo_seed_targets[PROMO-BPHTB-cost-BPHTB]" time="0.000" /><testcase classname="tests.test_p88" name="test_promo_cost_without_component_rejected" time="0.134"><failure message="AssertionError: 200: {&quot;data&quot;:{&quot;id&quot;:&quot;5d690c40-8d58-4fad-ab2b-35b6d7fb6ad7&quot;,&quot;org_id&quot;:&quot;org-sipro&quot;,&quot;name&quot;:&quot;TEST promo cost&quot;,&quot;kind&quot;:&quot;percent&quot;,&quot;value&quot;:10.0,&quot;max_amount&quot;:0,&quot;applies_project_ids&quot;:[],&quot;applies_unit_types&quot;:[],&quot;valid_from&quot;:null,&quot;valid_until&quot;:null,&quot;active&quot;:true,&quot;note&quot;:null,&quot;target&quot;:&quot;cost&quot;,&quot;target_component&quot;:null,&quot;cod&#10;assert 200 in (400, 422)&#10; +  where 200 = &lt;Response [200]&gt;.status_code">tests/test_p88.py:157: in test_promo_cost_without_component_rejected
    assert r.status_code in (400, 422), f"{r.status_code}: {r.text[:300]}"
E   AssertionError: 200: {"data":{"id":"5d690c40-8d58-4fad-ab2b-35b6d7fb6ad7","org_id":"org-sipro","name":"TEST promo cost","kind":"percent","value":10.0,"max_amount":0,"applies_project_ids":[],"applies_unit_types":[],"valid_from":null,"valid_until":null,"active":true,"note":null,"target":"cost","target_component":null,"cod
E   assert 200 in (400, 422)
E    +  where 200 = &lt;Response [200]&gt;.status_code</failure></testcase><testcase classname="tests.test_p88" name="test_promo_put_cost_without_component_rejected" time="0.126"><failure message="AssertionError: 200: {&quot;data&quot;:{&quot;id&quot;:&quot;35447b99-aaae-488c-9dd3-11ba81365750&quot;,&quot;org_id&quot;:&quot;org-sipro&quot;,&quot;active&quot;:true,&quot;applies_project_ids&quot;:[],&quot;applies_unit_types&quot;:[],&quot;valid_from&quot;:null,&quot;valid_until&quot;:null,&quot;created_by&quot;:&quot;seed&quot;,&quot;created_at&quot;:&quot;2026-09-04T09:28:55.648264+00:00&quot;,&quot;updated_at&quot;:&quot;2026-09-04T09:55:46.550128+00:00&quot;,&quot;code&quot;:&quot;PR&#10;assert 200 in (400, 422)&#10; +  where 200 = &lt;Response [200]&gt;.status_code">tests/test_p88.py:166: in test_promo_put_cost_without_component_rejected
    assert r.status_code in (400, 422), f"{r.status_code}: {r.text[:300]}"
E   AssertionError: 200: {"data":{"id":"35447b99-aaae-488c-9dd3-11ba81365750","org_id":"org-sipro","active":true,"applies_project_ids":[],"applies_unit_types":[],"valid_from":null,"valid_until":null,"created_by":"seed","created_at":"2026-09-04T09:28:55.648264+00:00","updated_at":"2026-09-04T09:55:46.550128+00:00","code":"PR
E   assert 200 in (400, 422)
E    +  where 200 = &lt;Response [200]&gt;.status_code</failure></testcase><testcase classname="tests.test_p88" name="test_promo_put_target_dp" time="0.070" /><testcase classname="tests.test_p88" name="test_reference_discount_target_group" time="0.145" /><testcase classname="tests.test_p88" name="test_create_promo_target_dp_and_cleanup" time="0.129" /><testcase classname="tests.test_p88" name="test_simulate_promo_dp" time="0.253" /><testcase classname="tests.test_p88" name="test_reserve_with_promo_bf" time="0.215" /><testcase classname="tests.test_p88" name="test_reserve_bphtb_without_allin_scheme_400" time="0.201" /><testcase classname="tests.test_p88" name="test_reserve_bphtb_with_allin_scheme" time="0.292" /><testcase classname="tests.test_p88" name="test_spr_templates_distinct" time="0.063" /><testcase classname="tests.test_p88" name="test_lead_phone_normalized" time="0.134" /></testsuite></testsuites>