<?xml version="1.0" encoding="utf-8"?><testsuites name="pytest tests"><testsuite name="pytest" errors="0" failures="0" skipped="0" tests="15" time="2.727" timestamp="2026-09-04T10:39:57.599898+00:00" hostname="agent-env-a7b33c98-32b8-403f-b33d-744655b10f0c"><testcase classname="tests.test_p89.TestLeadScoreEvents" name="test_get_events" time="0.634" /><testcase classname="tests.test_p89.TestLeadScoreEvents" name="test_put_events_and_custom" time="0.167" /><testcase classname="tests.test_p89.TestPhoneHealth" name="test_phone_health_shape" time="0.720" /><testcase classname="tests.test_p89.TestPhoneHealth" name="test_normalize_phones" time="0.825" /><testcase classname="tests.test_p89.TestLeadScoreEvents" name="test_put_invalid_custom_key" time="0.054" /><testcase classname="tests.test_p89.TestLeadScoreEvents" name="test_put_duplicate_key" time="0.058" /><testcase classname="tests.test_p89.TestLeadScoreEvents" name="test_log_custom_event_on_lead" time="0.183" /><testcase classname="tests.test_p89.TestLeadScoreEvents" name="test_log_unknown_event" time="0.057" /><testcase classname="tests.test_p89.TestLeadScoreEvents" name="test_rescore_all" time="0.133" /><testcase classname="tests.test_p89.TestLeadScoreEvents" name="test_reset_events" time="0.108" /><testcase classname="tests.test_p89.TestLeadScoreEvents" name="test_rbac_sales_cannot_manage" time="0.629" /><testcase classname="tests.test_p89.TestPhoneHealth" name="test_normalize_phones_forbidden_for_sales" time="0.525" /><testcase classname="tests.test_p89.TestCouponTarget" name="test_create_coupon_with_target_dp" time="0.138" /><testcase classname="tests.test_p89.TestCouponTarget" name="test_coupon_target_cost_requires_component" time="0.126" /><testcase classname="tests.test_p89.TestCouponTarget" name="test_coupon_invalid_target" time="0.064" /></testsuite></testsuites>