<?xml version="1.0" encoding="utf-8"?><testsuites name="pytest tests"><testsuite name="pytest" errors="0" failures="0" skipped="0" tests="13" time="5.920" timestamp="2026-09-04T13:08:34.658122+00:00" hostname="agent-env-b891fd8d-2ce2-4308-b7fd-ba218dd21cb6"><testcase classname="tests.test_p90.TestPhoneHealth" name="test_structure" time="3.939" /><testcase classname="tests.test_p90.TestPhoneHealth" name="test_duplicate_and_invalid_samples" time="0.090" /><testcase classname="tests.test_p90.TestPhoneHealth" name="test_invalid_not_counted_as_pending" time="0.075" /><testcase classname="tests.test_p90.TestNormalize" name="test_skips_duplicate_and_invalid" time="0.086" /><testcase classname="tests.test_p90.TestPhoneFix" name="test_invalid_phone_400" time="0.083" /><testcase classname="tests.test_p90.TestPhoneFix" name="test_clash_409" time="0.092" /><testcase classname="tests.test_p90.TestPhoneFix" name="test_unknown_collection_400" time="0.091" /><testcase classname="tests.test_p90.TestPhoneFix" name="test_missing_id_404" time="0.079" /><testcase classname="tests.test_p90.TestPhoneFix" name="test_sales_forbidden" time="0.525" /><testcase classname="tests.test_p90.TestPhoneFix" name="test_fix_success_and_persist" time="0.294" /><testcase classname="tests.test_p90.TestPhoneFix" name="test_clear_phone" time="0.083" /><testcase classname="tests.test_p90.TestPhoneFix" name="test_fix_duplicate_lead_a" time="0.092" /><testcase classname="tests.test_p90.TestCouponDates" name="test_create_and_update_coupon_with_dates" time="0.271" /></testsuite></testsuites>