<?xml version="1.0" encoding="utf-8"?><testsuites name="pytest tests"><testsuite name="pytest" errors="0" failures="0" skipped="0" tests="37" time="4.037" timestamp="2026-09-04T14:28:14.259676+00:00" hostname="agent-env-b891fd8d-2ce2-4308-b7fd-ba218dd21cb6"><testcase classname="tests.test_p92.TestOtherKeys" name="test_deals" time="0.659" /><testcase classname="tests.test_p92.TestLeadsDrill" name="test_leads_variants[params0]" time="0.774" /><testcase classname="tests.test_p92.TestOtherKeys" name="test_simple_keys[projects]" time="0.085" /><testcase classname="tests.test_p92.TestOtherKeys" name="test_simple_keys[units_qc_hold]" time="0.077" /><testcase classname="tests.test_p92.TestLeadsDrill" name="test_leads_variants[params1]" time="0.128" /><testcase classname="tests.test_p92.TestOtherKeys" name="test_simple_keys[punch_open]" time="0.112" /><testcase classname="tests.test_p92.TestLeadsDrill" name="test_leads_variants[params2]" time="0.138" /><testcase classname="tests.test_p92.TestOtherKeys" name="test_simple_keys[retention_held]" time="0.103" /><testcase classname="tests.test_p92.TestOtherKeys" name="test_simple_keys[ar_outstanding]" time="0.081" /><testcase classname="tests.test_p92.TestLeadsDrill" name="test_leads_variants[params3]" time="0.151" /><testcase classname="tests.test_p92.TestOtherKeys" name="test_projects_rows_href" time="0.122" /><testcase classname="tests.test_p92.TestLeadsDrill" name="test_leads_variants[params4]" time="0.167" /><testcase classname="tests.test_p92.TestOtherKeys" name="test_build_keys[unscheduled]" time="0.079" /><testcase classname="tests.test_p92.TestOtherKeys" name="test_build_keys[awaiting_verification]" time="0.070" /><testcase classname="tests.test_p92.TestLeadsDrill" name="test_leads_summary" time="0.286" /><testcase classname="tests.test_p92.TestOtherKeys" name="test_build_keys[late_items]" time="0.083" /><testcase classname="tests.test_p92.TestOtherKeys" name="test_build_keys[blocked_items]" time="0.106" /><testcase classname="tests.test_p92.TestOtherKeys" name="test_build_keys[at_risk]" time="0.087" /><testcase classname="tests.test_p92.TestLeadsDrill" name="test_summary_hot_matches_rows" time="0.240" /><testcase classname="tests.test_p92.TestOtherKeys" name="test_build_keys[scheduled]" time="0.075" /><testcase classname="tests.test_p92.TestOtherKeys" name="test_board_keys[all]" time="0.075" /><testcase classname="tests.test_p92.TestOtherKeys" name="test_board_keys[unscheduled]" time="0.107" /><testcase classname="tests.test_p92.TestOtherKeys" name="test_board_keys[running]" time="0.308" /><testcase classname="tests.test_p92.TestRbacSales" name="test_sales_build_forbidden" time="0.431" /><testcase classname="tests.test_p92.TestOtherKeys" name="test_board_keys[late]" time="0.139" /><testcase classname="tests.test_p92.TestRbacSales" name="test_sales_tasks_ok" time="0.127" /><testcase classname="tests.test_p92.TestOtherKeys" name="test_board_keys[ready]" time="0.122" /><testcase classname="tests.test_p92.TestRbacSales" name="test_sales_leads_ok" time="0.091" /><testcase classname="tests.test_p92.TestOtherKeys" name="test_board_keys[progress]" time="0.088" /><testcase classname="tests.test_p92.TestRbacSales" name="test_sales_finance_forbidden" time="0.072" /><testcase classname="tests.test_p92.TestOtherKeys" name="test_board_keys[awaiting]" time="0.088" /><testcase classname="tests.test_p92.TestHomeKpis" name="test_home_kpis_have_drill" time="0.118" /><testcase classname="tests.test_p92.TestOtherKeys" name="test_board_counts_match_unit_board" time="0.279" /><testcase classname="tests.test_p92.TestHomeKpis" name="test_home_drill_keys_resolve" time="0.736" /><testcase classname="tests.test_p92.TestOtherKeys" name="test_unknown_key_rejected" time="0.074" /><testcase classname="tests.test_p92.TestTasksDrill" name="test_tasks_overdue_all" time="0.126" /><testcase classname="tests.test_p92.TestTasksDrill" name="test_tasks_mine_sla_breached" time="0.094" /></testsuite></testsuites>