<?xml version="1.0" encoding="utf-8"?><testsuites name="pytest tests"><testsuite name="pytest" errors="0" failures="1" skipped="0" tests="18" time="6.166" timestamp="2026-09-04T17:45:27.208207+00:00" hostname="agent-env-b891fd8d-2ce2-4308-b7fd-ba218dd21cb6"><testcase classname="tests.test_p93.TestAdsDrilldown" name="test_ads_spend_matches_totals" time="4.245" /><testcase classname="tests.test_p93.TestProjectDrilldown" name="test_available_and_held" time="4.339" /><testcase classname="tests.test_p93.TestAdsDrilldown" name="test_ads_campaigns_count" time="0.066" /><testcase classname="tests.test_p93.TestAdsDrilldown" name="test_ads_leads_count" time="0.057" /><testcase classname="tests.test_p93.TestProjectDrilldown" name="test_sold_cumulative" time="0.069" /><testcase classname="tests.test_p93.TestAdsDrilldown" name="test_ads_qualified_count" time="0.056" /><testcase classname="tests.test_p93.TestProjectDrilldown" name="test_value_total" time="0.077" /><testcase classname="tests.test_p93.TestAdsDrilldown" name="test_ads_hot_and_booked_rows" time="0.121" /><testcase classname="tests.test_p93.TestProjectDrilldown" name="test_progress_no_total" time="0.071" /><testcase classname="tests.test_p93.TestAdsDrilldown" name="test_ads_platform_metrics" time="0.181" /><testcase classname="tests.test_p93.TestProjectDrilldown" name="test_project_without_project_id_is_controlled" time="0.454" /><testcase classname="tests.test_p93.TestAdsDrilldown" name="test_ads_attribution_ctx" time="0.242" /><testcase classname="tests.test_p93.TestAdsDrilldown" name="test_ads_attribution_spend_matches_card" time="0.117"><failure message="AssertionError: (15830000, 110810000)&#10;assert 15830000 == 110810000&#10; +  where 110810000 = int(110810000)">self = &lt;test_p93.TestAdsDrilldown object at 0xfed58dcc1d10&gt;
admin = &lt;requests.sessions.Session object at 0xfed58dcc3fd0&gt;
attribution = {'rows': [{'source': 'partner', 'source_label': 'Mitra / pihak ketiga', 'campaign_id': '51eb1fed-a1c3-46b2-bdf9-651e65... 17, 'qualified': 16, 'booked': 9, ...}, 'level': 'campaign', 'range': {'from': '2026-06-07', 'to': '2026-09-04'}, ...}

    def test_ads_attribution_spend_matches_card(self, admin, attribution):
        """BUG P93: totals.spend atribusi menghitung biaya kampanye berulang per (source, campaign)."""
        rng = attribution["range"]
        d = _ok(admin, "ads:spend", ctx="attribution", date_from=rng["from"], date_to=rng["to"])
&gt;       assert d["total"] == int(attribution["totals"]["spend"]), (d["total"], attribution["totals"]["spend"])
E       AssertionError: (15830000, 110810000)
E       assert 15830000 == 110810000
E        +  where 110810000 = int(110810000)

tests/test_p93.py:119: AssertionError</failure></testcase><testcase classname="tests.test_p93.TestUnitsMultiStatus" name="test_multi_status_filter" time="0.370" /><testcase classname="tests.test_p93.TestRbac" name="test_sales_ads_drilldown" time="0.548" /><testcase classname="tests.test_p93.TestUnitsMultiStatus" name="test_single_status_filter" time="0.068" /><testcase classname="tests.test_p93.TestRbac" name="test_sales_project_drilldown" time="0.087" /><testcase classname="tests.test_p93.TestRbac" name="test_unknown_key_404" time="0.101" /></testsuite></testsuites>