<?xml version="1.0" encoding="utf-8"?><testsuites name="pytest tests"><testsuite name="pytest" errors="0" failures="0" skipped="0" tests="23" time="3.501" timestamp="2026-09-04T17:56:14.962527+00:00" hostname="agent-env-b891fd8d-2ce2-4308-b7fd-ba218dd21cb6"><testcase classname="tests.test_p93.TestAdsDrilldown" name="test_ads_spend_matches_totals" time="0.854" /><testcase classname="tests.test_p93.TestAdsDrilldown" name="test_ads_campaigns_count" time="0.117" /><testcase classname="tests.test_p93.TestProjectDrilldown" name="test_available_and_held" time="1.153" /><testcase classname="tests.test_p93.TestAdsDrilldown" name="test_ads_leads_count" time="0.077" /><testcase classname="tests.test_p93.TestAdsDrilldown" name="test_ads_qualified_count" time="0.071" /><testcase classname="tests.test_p93.TestAdsDrilldown" name="test_ads_hot_and_booked_rows" time="0.142" /><testcase classname="tests.test_p93.TestProjectDrilldown" name="test_sold_cumulative" time="0.118" /><testcase classname="tests.test_p93.TestAdsDrilldown" name="test_ads_platform_metrics" time="0.216" /><testcase classname="tests.test_p93.TestProjectDrilldown" name="test_value_total" time="0.122" /><testcase classname="tests.test_p93.TestProjectDrilldown" name="test_progress_no_total" time="0.115" /><testcase classname="tests.test_p93.TestProjectDrilldown" name="test_project_without_project_id_is_controlled" time="0.719" /><testcase classname="tests.test_p93.TestAdsDrilldown" name="test_ads_attribution_ctx" time="0.348" /><testcase classname="tests.test_p93.TestAdsDrilldown" name="test_ads_attribution_spend_matches_card" time="0.074" /><testcase classname="tests.test_p93.TestAdsDrilldown" name="test_attribution_spend_matches_performance_same_range" time="0.081" /><testcase classname="tests.test_p93.TestAdsDrilldown" name="test_attribution_cpl_is_spend_over_leads" time="0.000" /><testcase classname="tests.test_p93.TestAdsDrilldown" name="test_attribution_rows_spend_not_duplicated" time="0.000" /><testcase classname="tests.test_p93.TestAdsDrilldown" name="test_count_metric_units" time="0.236" /><testcase classname="tests.test_p93.TestAdsDrilldown" name="test_spend_metric_unit_idr" time="0.068" /><testcase classname="tests.test_p93.TestUnitsMultiStatus" name="test_multi_status_filter" time="0.152" /><testcase classname="tests.test_p93.TestUnitsMultiStatus" name="test_single_status_filter" time="0.246" /><testcase classname="tests.test_p93.TestRbac" name="test_sales_ads_drilldown" time="0.634" /><testcase classname="tests.test_p93.TestRbac" name="test_sales_project_drilldown" time="0.118" /><testcase classname="tests.test_p93.TestRbac" name="test_unknown_key_404" time="0.128" /></testsuite></testsuites>