<?xml version="1.0" encoding="utf-8"?><testsuites name="pytest tests"><testsuite name="pytest" errors="0" failures="0" skipped="0" tests="12" time="4.832" timestamp="2026-08-27T19:35:49.227288+00:00" hostname="agent-env-b0ab8b75-7ba3-4fd8-91b6-f7bbd784b86d"><testcase classname="tests.test_notif_p64" name="test_notifications_shape" time="0.742" /><testcase classname="tests.test_notif_p64" name="test_state_tab_action_only_needs_action" time="0.176" /><testcase classname="tests.test_notif_p64" name="test_state_tab_read_only_read" time="0.165" /><testcase classname="tests.test_notif_p64" name="test_category_filter" time="0.179" /><testcase classname="tests.test_notif_p64" name="test_search_filter" time="0.126" /><testcase classname="tests.test_notif_p64" name="test_unread_only_still_supported" time="0.150" /><testcase classname="tests.test_notif_p64" name="test_link_by_type" time="0.239" /><testcase classname="tests.test_notif_p64" name="test_mark_read_then_shows_in_read_tab" time="0.736" /><testcase classname="tests.test_notif_p64" name="test_dismiss_removes_from_list" time="0.516" /><testcase classname="tests.test_notif_p64" name="test_auto_resolve_when_task_closed" time="0.732" /><testcase classname="tests.test_notif_p64" name="test_user_isolation" time="0.674" /><testcase classname="tests.test_notif_p64" name="test_clear_read_endpoint" time="0.291" /></testsuite></testsuites>