<?xml version="1.0" encoding="utf-8"?><testsuites name="pytest tests"><testsuite name="pytest" errors="0" failures="1" skipped="0" tests="22" time="7.057" timestamp="2026-08-31T19:25:08.419079+00:00" hostname="agent-env-cc7f7a5a-71b4-455f-a22f-1a52fc2e66fb"><testcase classname="tests.test_p110_wa_vars_tasks.TestCreateTaskValidation" name="test_create_task_inherits_jobdesk_and_links_lead" time="1.029" /><testcase classname="tests.test_wa_manual_p29c.TestWaManualValidation" name="test_empty_evidence_rejected" time="0.820" /><testcase classname="tests.test_wa_manual_p29c.TestWaManualValidation" name="test_short_note_rejected" time="0.203" /><testcase classname="tests.test_wa_manual_p29c.TestWaManualValidation" name="test_non_image_evidence_400" time="0.153" /><testcase classname="tests.test_p110_wa_vars_tasks.TestCreateTaskValidation" name="test_fake_related_id_404" time="0.101" /><testcase classname="tests.test_p110_wa_vars_tasks.TestCreateTaskValidation" name="test_unknown_entity_type_400" time="0.092" /><testcase classname="tests.test_wa_manual_p29c.TestWaManualValidation" name="test_unknown_file_id_404" time="0.115" /><testcase classname="tests.test_p110_wa_vars_tasks.TestCreateTaskValidation" name="test_type_without_id_400" time="0.061" /><testcase classname="tests.test_p110_wa_vars_tasks.TestCreateTaskValidation" name="test_unknown_jobdesk_400" time="0.109"><failure message="AssertionError: unknown jobdesk accepted: 200 jobdesk_code='XX-99' division=None {&quot;data&quot;:{&quot;id&quot;:&quot;b5f3884b-477f-4119-8907-b11d6b114517&quot;,&quot;org_id&quot;:&quot;org-sipro&quot;,&quot;title&quot;:&quot;TEST_P110 jobdesk palsu&quot;,&quot;description&quot;:null,&quot;type&quot;:&quot;todo&quot;,&quot;status&quot;:&quot;open&quot;,&quot;priority&quot;:&quot;medium&quot;,&quot;related_entity_type&quot;:n&#10;assert 200 == 400&#10; +  where 200 = &lt;Response [200]&gt;.status_code">self = &lt;test_p110_wa_vars_tasks.TestCreateTaskValidation object at 0xfa3a114c9e90&gt;
sess = &lt;requests.sessions.Session object at 0xfa3a124e1290&gt;

    def test_unknown_jobdesk_400(self, sess):
        r = sess.post(f"{API}/work/tasks", json={
            "title": "TEST_P110 jobdesk palsu", "type": "follow_up",
            "priority": "medium", "jobdesk_code": "XX-99"}, timeout=20)
&gt;       assert r.status_code == 400, (
            f"unknown jobdesk accepted: {r.status_code} "
            f"jobdesk_code={r.json().get('data', {}).get('jobdesk_code')!r} "
            f"division={r.json().get('data', {}).get('division')!r} {r.text[:200]}")
E       AssertionError: unknown jobdesk accepted: 200 jobdesk_code='XX-99' division=None {"data":{"id":"b5f3884b-477f-4119-8907-b11d6b114517","org_id":"org-sipro","title":"TEST_P110 jobdesk palsu","description":null,"type":"todo","status":"open","priority":"medium","related_entity_type":n
E       assert 200 == 400
E        +  where 200 = &lt;Response [200]&gt;.status_code

tests/test_p110_wa_vars_tasks.py:185: AssertionError</failure></testcase><testcase classname="tests.test_wa_manual_p29c.TestWaManualValidation" name="test_unknown_lead_404" time="0.078" /><testcase classname="tests.test_wa_manual_p29c.TestWaManualValidation" name="test_lead_not_advanced_on_validation_failure" time="0.083" /><testcase classname="tests.test_p110_wa_vars_tasks.TestWaManualClosesTask" name="test_manual_with_task_id_closes_task" time="0.980" /><testcase classname="tests.test_p110_wa_vars_tasks.TestWaTemplateVariables" name="test_template_send_fills_name_and_fallback_date" time="1.091" /><testcase classname="tests.test_p110_wa_vars_tasks.TestWaManualClosesTask" name="test_manual_with_closed_task_400" time="0.155" /><testcase classname="tests.test_p110_wa_vars_tasks.TestWaTemplateVariables" name="test_template_send_uses_appointment_date_after_scheduling" time="0.425" /><testcase classname="tests.test_p110_wa_vars_tasks.TestWaManualClosesTask" name="test_manual_with_nonexistent_task_404" time="0.172" /><testcase classname="tests.test_p110_wa_vars_tasks.TestWaManualClosesTask" name="test_manual_with_task_of_other_lead_404" time="0.317" /><testcase classname="tests.test_p110_wa_vars_tasks.TestWaTemplateVariables" name="test_inbox_template_send_substitutes" time="0.663" /><testcase classname="tests.test_wa_manual_p29c.TestInSystemWaRegression" name="test_send_wa_without_template_closed_window_400" time="0.635" /><testcase classname="tests.test_wa_manual_p29c.TestInSystemWaRegression" name="test_send_wa_with_template_ok" time="0.360" /><testcase classname="tests.test_wa_manual_p29c.TestWaManualHappyPath" name="test_manual_log_advances_lifecycle" time="0.929" /><testcase classname="tests.test_wa_manual_p29c.TestWaManualHappyPath" name="test_second_manual_log_does_not_reset_first_contact" time="1.729" /></testsuite></testsuites>