<?xml version="1.0" encoding="utf-8"?><testsuites name="pytest tests"><testsuite name="pytest" errors="0" failures="0" skipped="0" tests="8" time="6.943" timestamp="2026-09-05T06:23:12.152912+00:00" hostname="agent-env-147be922-daa8-4e46-9b10-c09ccdaa5cf1"><testcase classname="tests.test_p94_95_wa" name="test_config_masked_and_verify_handshake" time="0.765" /><testcase classname="tests.test_p94_95_wa" name="test_live_mode_requires_creds" time="0.144" /><testcase classname="tests.test_p94_95_wa" name="test_webhook_meta_inbound_queue_and_idempotent" time="0.690" /><testcase classname="tests.test_p94_95_wa" name="test_import_dedup_policies" time="3.631" /><testcase classname="tests.test_p94_95_wa" name="test_outbound_gateway_status_and_status_webhook" time="0.537" /><testcase classname="tests.test_p94_95_wa" name="test_test_message_invalid_phone_is_failed" time="0.122" /><testcase classname="tests.test_p94_95_wa" name="test_legacy_contract_still_accepted" time="0.120" /><testcase classname="tests.test_p94_95_wa" name="test_rbac_sales_cannot_list_queue" time="0.585" /></testsuite></testsuites>