<?xml version="1.0" encoding="utf-8"?><testsuites name="pytest tests"><testsuite name="pytest" errors="0" failures="0" skipped="0" tests="10" time="6.113" timestamp="2026-08-31T19:06:00.383766+00:00" hostname="agent-env-cc7f7a5a-71b4-455f-a22f-1a52fc2e66fb"><testcase classname="tests.test_wa_manual_p29c.TestWaManualHappyPath" name="test_manual_log_advances_lifecycle" time="4.020" /><testcase classname="tests.test_wa_manual_p29c.TestWaManualValidation" name="test_empty_evidence_rejected" time="3.724" /><testcase classname="tests.test_wa_manual_p29c.TestWaManualValidation" name="test_short_note_rejected" time="0.278" /><testcase classname="tests.test_wa_manual_p29c.TestWaManualValidation" name="test_non_image_evidence_400" time="0.298" /><testcase classname="tests.test_wa_manual_p29c.TestWaManualHappyPath" name="test_second_manual_log_does_not_reset_first_contact" time="1.374" /><testcase classname="tests.test_wa_manual_p29c.TestWaManualValidation" name="test_unknown_file_id_404" time="0.109" /><testcase classname="tests.test_wa_manual_p29c.TestWaManualValidation" name="test_unknown_lead_404" time="0.122" /><testcase classname="tests.test_wa_manual_p29c.TestWaManualValidation" name="test_lead_not_advanced_on_validation_failure" time="0.116" /><testcase classname="tests.test_wa_manual_p29c.TestInSystemWaRegression" name="test_send_wa_without_template_closed_window_400" time="0.175" /><testcase classname="tests.test_wa_manual_p29c.TestInSystemWaRegression" name="test_send_wa_with_template_ok" time="0.169" /></testsuite></testsuites>